Operating system: Microsoft Windows NT 6.2.9200.0
Opening INI file "C:\Users\ABC\Documents\GitHub\Sonic-2-with-Knuckles\SonLVL INI Files\SonLVL.ini"...
Game type is S2.
Opening INI file "C:\Users\ABC\Documents\GitHub\Sonic-2-with-Knuckles\SonPLN.ini"...
Game type is S2.
Loading Score Rush Menu Background...
Loading plane mappings from file "mappings/misc/Score Rush Title Screen.bin", using compression Enigma...
Loading palette file "art/palettes/Score Rush Title Screen.bin"...
Source: 0 Destination: 0 Length: 16
Loading 8x8 tiles from file "art/nemesis/Score Rush Title Screen.bin", using compression Nemesis...
Load completed.
Loading Sonic The Hedgehog...
Loading plane mappings from file "mappings/misc/Sonic the Hedgehog 2 title screen logo mappings.bin", using compression Enigma...
Loading 8x8 tiles from file "art/nemesis/Main patterns from title screen.bin", using compression Nemesis...
Loading palette file "art/palettes/Title Emblem.bin"...
Source: 0 Destination: 0 Length: 16
Load completed.
Loading 2...
Loading palette file "art/palettes/Title Emblem.bin"...
Source: 0 Destination: 0 Length: 16
Loading 8x8 tiles from file "art/nemesis/Main patterns from title screen.bin", using compression Nemesis...
Loading plane mappings from file "mappings/misc/Mappings for title screen background.bin", using compression Enigma...
Load completed.
Loading Title Screen Background 2...
Loading 8x8 tiles from file "art/nemesis/Main patterns from title screen.bin", using compression Nemesis...
Loading plane mappings from file "mappings/misc/Mappings for Score Rush Banner.bin", using compression Enigma...
Loading palette file "art/palettes/Title Emblem.bin"...
Source: 0 Destination: 0 Length: 16
Load completed.
Loading 2...
Loading 8x8 tiles from file "art/nemesis/Main patterns from title screen.bin", using compression Nemesis...
Loading plane mappings from file "mappings/misc/Mappings for title screen background.bin", using compression Enigma...
Loading palette file "art/palettes/Title Emblem.bin"...
Source: 0 Destination: 0 Length: 16
Load completed.
Opening INI file "C:\Users\ABC\Documents\GitHub\Sonic-2-with-Knuckles\SonPLN.ini"...
Game type is S2.
Loading Characters...
Loading plane mappings from file "mappings/misc/Menu - Characters.bin", using compression Enigma...
Loading 8x8 tiles from file "art/uncompressed/Menu - Characters.bin", using compression Nemesis...
Loading palette file "art/palettes/SonicandTails.bin"...
Source: 0 Destination: 0 Length: 16
Mappings data size does not match given width/height. Expected: 3584 (64x28*2) Actual: 2240.
Unable to read file "art/uncompressed/Menu - Characters.bin" with compression Nemesis:
System.AggregateException: One or more errors occurred. ---> SonicRetro.KensSharp.CompressionException: A bit code prefix is already used for a complete bit code.
   at SonicRetro.KensSharp.Nemesis.DecodingCodeTreeNode.SetCode(Byte code, Int32 length, NibbleRun nibbleRun)
   at SonicRetro.KensSharp.Nemesis.DecodeHeader(Stream input, Stream output, DecodingCodeTreeNode codeTree)
   at SonicRetro.KensSharp.Nemesis.Decode(Stream input, Stream output)
   at SonicRetro.KensSharp.Nemesis.Decompress(Stream input, Stream output)
   at SonicRetro.KensSharp.Nemesis.Decompress(String sourceFilePath)
   at SonicRetro.SonLVL.API.Compression.Decompress(String file, CompressionType cmp) in D:\Programs\SonLVL\SonLVLAPI\Compression.cs:line 51
   at SonicRetro.SonLVL.SonPLN.MainForm.LoadLevelTiles() in D:\Programs\SonLVL\SonPLN\MainForm.cs:line 368
   at System.Threading.Tasks.Task.InnerInvoke()
   at System.Threading.Tasks.Task.Execute()
   --- End of inner exception stack trace ---
   at System.Threading.Tasks.Task.FastWaitAll(Task[] tasks)
   at System.Threading.Tasks.Parallel.Invoke(ParallelOptions parallelOptions, Action[] actions)
   at System.Threading.Tasks.Parallel.Invoke(Action[] actions)
   at SonicRetro.SonLVL.SonPLN.MainForm.backgroundLevelLoader_DoWork(Object sender, DoWorkEventArgs e) in D:\Programs\SonLVL\SonPLN\MainForm.cs:line 323
---> (Inner Exception #0) SonicRetro.KensSharp.CompressionException: A bit code prefix is already used for a complete bit code.
   at SonicRetro.KensSharp.Nemesis.DecodingCodeTreeNode.SetCode(Byte code, Int32 length, NibbleRun nibbleRun)
   at SonicRetro.KensSharp.Nemesis.DecodeHeader(Stream input, Stream output, DecodingCodeTreeNode codeTree)
   at SonicRetro.KensSharp.Nemesis.Decode(Stream input, Stream output)
   at SonicRetro.KensSharp.Nemesis.Decompress(Stream input, Stream output)
   at SonicRetro.KensSharp.Nemesis.Decompress(String sourceFilePath)
   at SonicRetro.SonLVL.API.Compression.Decompress(String file, CompressionType cmp) in D:\Programs\SonLVL\SonLVLAPI\Compression.cs:line 51
   at SonicRetro.SonLVL.SonPLN.MainForm.LoadLevelTiles() in D:\Programs\SonLVL\SonPLN\MainForm.cs:line 368
   at System.Threading.Tasks.Task.InnerInvoke()
   at System.Threading.Tasks.Task.Execute()<---

Opening INI file "C:\Users\ABC\Documents\GitHub\Sonic-2-with-Knuckles\SonPLN.ini"...
Game type is S2.
Loading Characters...
Loading 8x8 tiles from file "art/uncompressed/Menu - Characters.bin", using compression Nemesis...
Loading plane mappings from file "mappings/misc/Menu - Characters.bin", using compression Enigma...
Unable to read file "art/uncompressed/Menu - Characters.bin" with compression Nemesis:
Loading palette file "art/palettes/SonicandTails.bin"...
Source: 0 Destination: 0 Length: 16
System.AggregateException: One or more errors occurred. ---> SonicRetro.KensSharp.CompressionException: A bit code prefix is already used for a complete bit code.
   at SonicRetro.KensSharp.Nemesis.DecodingCodeTreeNode.SetCode(Byte code, Int32 length, NibbleRun nibbleRun)
   at SonicRetro.KensSharp.Nemesis.DecodeHeader(Stream input, Stream output, DecodingCodeTreeNode codeTree)
   at SonicRetro.KensSharp.Nemesis.Decode(Stream input, Stream output)
   at SonicRetro.KensSharp.Nemesis.Decompress(Stream input, Stream output)
   at SonicRetro.KensSharp.Nemesis.Decompress(String sourceFilePath)
   at SonicRetro.SonLVL.API.Compression.Decompress(String file, CompressionType cmp) in D:\Programs\SonLVL\SonLVLAPI\Compression.cs:line 51
   at SonicRetro.SonLVL.SonPLN.MainForm.LoadLevelTiles() in D:\Programs\SonLVL\SonPLN\MainForm.cs:line 368
   at System.Threading.Tasks.Task.InnerInvoke()
   at System.Threading.Tasks.Task.Execute()
   --- End of inner exception stack trace ---
   at System.Threading.Tasks.Task.FastWaitAll(Task[] tasks)
   at System.Threading.Tasks.Parallel.Invoke(ParallelOptions parallelOptions, Action[] actions)
   at System.Threading.Tasks.Parallel.Invoke(Action[] actions)
   at SonicRetro.SonLVL.SonPLN.MainForm.backgroundLevelLoader_DoWork(Object sender, DoWorkEventArgs e) in D:\Programs\SonLVL\SonPLN\MainForm.cs:line 323
---> (Inner Exception #0) SonicRetro.KensSharp.CompressionException: A bit code prefix is already used for a complete bit code.
   at SonicRetro.KensSharp.Nemesis.DecodingCodeTreeNode.SetCode(Byte code, Int32 length, NibbleRun nibbleRun)
   at SonicRetro.KensSharp.Nemesis.DecodeHeader(Stream input, Stream output, DecodingCodeTreeNode codeTree)
   at SonicRetro.KensSharp.Nemesis.Decode(Stream input, Stream output)
   at SonicRetro.KensSharp.Nemesis.Decompress(Stream input, Stream output)
   at SonicRetro.KensSharp.Nemesis.Decompress(String sourceFilePath)
   at SonicRetro.SonLVL.API.Compression.Decompress(String file, CompressionType cmp) in D:\Programs\SonLVL\SonLVLAPI\Compression.cs:line 51
   at SonicRetro.SonLVL.SonPLN.MainForm.LoadLevelTiles() in D:\Programs\SonLVL\SonPLN\MainForm.cs:line 368
   at System.Threading.Tasks.Task.InnerInvoke()
   at System.Threading.Tasks.Task.Execute()<---

